<?xml version="1.0" encoding="UTF-8"?>
<!-- Generated by org.testng.reporters.JUnitReportReporter -->
<testsuite skipped="0" hostname="DESKTOP-ECH1G2J" name="com.herokuapp.theinternet.dynamicpages.test.HiddenElementOnPageTest" tests="1" failures="0" timestamp="2019-11-13T10:55:37 EET" time="21.473" errors="0">
  <testcase name="testHiddenEmenet" time="21.473" classname="com.herokuapp.theinternet.dynamicpages.test.HiddenElementOnPageTest"/>
</testsuite> <!-- com.herokuapp.theinternet.dynamicpages.test.HiddenElementOnPageTest -->
