<?xml version="1.0" encoding="UTF-8"?>
<!-- Generated by org.testng.reporters.JUnitReportReporter -->
<testsuite skipped="0" hostname="DESKTOP-ECH1G2J" name="com.herokuapp.theinternet.miscellaneous.FileUploadPageTest" tests="1" failures="0" timestamp="2019-12-10T14:25:03 EET" time="31.355" errors="0">
  <testcase name="testUploadFile" time="31.355" classname="com.herokuapp.theinternet.miscellaneous.FileUploadPageTest"/>
</testsuite> <!-- com.herokuapp.theinternet.miscellaneous.FileUploadPageTest -->
