<?xml version="1.0" encoding="UTF-8"?>
<!-- Generated by org.testng.reporters.JUnitReportReporter -->
<testsuite skipped="0" hostname="DESKTOP-ECH1G2J" name="com.herokuapp.theinternet.dynamicpages.test.StaleElementsPageTest" tests="1" failures="0" timestamp="2019-12-09T14:48:39 EET" time="18.525" errors="0">
  <testcase name="testStaleElement" time="18.525" classname="com.herokuapp.theinternet.dynamicpages.test.StaleElementsPageTest"/>
</testsuite> <!-- com.herokuapp.theinternet.dynamicpages.test.StaleElementsPageTest -->
