<?xml version="1.0" encoding="UTF-8"?>
<!-- Generated by org.testng.reporters.JUnitReportReporter -->
<testsuite skipped="0" hostname="DESKTOP-ECH1G2J" name="com.herokuapp.theinternet.login.test.NegativeLoginTest" tests="4" failures="0" timestamp="2019-12-09T17:24:40 EET" time="48.166" errors="0">
  <testcase name="incorrectUsenameTest" time="8.801" classname="com.herokuapp.theinternet.login.test.NegativeLoginTest"/>
  <testcase name="incorrectUsenameTest" time="8.843" classname="com.herokuapp.theinternet.login.test.NegativeLoginTest"/>
  <testcase name="incorrectPasswordTest" time="14.409" classname="com.herokuapp.theinternet.login.test.NegativeLoginTest"/>
  <testcase name="incorrectPasswordTest" time="16.113" classname="com.herokuapp.theinternet.login.test.NegativeLoginTest"/>
</testsuite> <!-- com.herokuapp.theinternet.login.test.NegativeLoginTest -->
