<?xml version="1.0" encoding="UTF-8"?>
<!-- Generated by org.testng.reporters.JUnitReportReporter -->
<testsuite skipped="0" hostname="DESKTOP-ECH1G2J" name="com.herokuapp.theinternet.dynamicpages.test.HoverOverAndClickLinkTest" tests="1" failures="0" timestamp="2019-11-27T14:39:00 EET" time="16.352" errors="0">
  <testcase name="testHoveAndClickLink" time="16.352" classname="com.herokuapp.theinternet.dynamicpages.test.HoverOverAndClickLinkTest"/>
</testsuite> <!-- com.herokuapp.theinternet.dynamicpages.test.HoverOverAndClickLinkTest -->
