<?xml version="1.0" encoding="UTF-8"?>
<!-- Generated by org.testng.reporters.JUnitReportReporter -->
<testsuite skipped="0" hostname="DESKTOP-ECH1G2J" name="com.herokuapp.theinternet.dynamicpages.test.ScrollLargePagesWithJSExecutorTest" tests="1" failures="0" timestamp="2019-11-14T12:20:55 EET" time="20.985" errors="0">
  <testcase name="testScroll" time="20.985" classname="com.herokuapp.theinternet.dynamicpages.test.ScrollLargePagesWithJSExecutorTest"/>
</testsuite> <!-- com.herokuapp.theinternet.dynamicpages.test.ScrollLargePagesWithJSExecutorTest -->
