<?xml version="1.0" encoding="UTF-8"?>
<!-- Generated by org.testng.reporters.JUnitReportReporter -->
<testsuite skipped="0" hostname="DESKTOP-ECH1G2J" name="com.herokuapp.theinternet.login.test.PositiveLoginTest" tests="1" failures="0" timestamp="2019-12-10T17:22:01 EET" time="17.199" errors="0">
  <testcase name="logInTest" time="17.199" classname="com.herokuapp.theinternet.login.test.PositiveLoginTest"/>
</testsuite> <!-- com.herokuapp.theinternet.login.test.PositiveLoginTest -->
