<?xml version="1.0" encoding="UTF-8"?>
<!-- Generated by org.testng.reporters.JUnitReportReporter -->
<testsuite skipped="0" hostname="DESKTOP-ECH1G2J" name="com.herokuapp.theinternet.dynamicpages.test.DynamicallyLoadedPageEmements2Test" tests="1" failures="0" timestamp="2019-11-18T11:37:27 EET" time="20.760" errors="0">
  <testcase name="testDynamicLoad" time="20.760" classname="com.herokuapp.theinternet.dynamicpages.test.DynamicallyLoadedPageEmements2Test"/>
</testsuite> <!-- com.herokuapp.theinternet.dynamicpages.test.DynamicallyLoadedPageEmements2Test -->
