<?xml version="1.0" encoding="UTF-8"?>
<!-- Generated by org.testng.reporters.JUnitReportReporter -->
<testsuite skipped="0" hostname="DESKTOP-ECH1G2J" name="com.herokuapp.theinternet.forgotpassword.test.ForgotPasswordTest" tests="1" failures="0" timestamp="2019-12-11T11:50:29 EET" time="19.406" errors="0">
  <testcase name="forgotPasswordTest" time="19.406" classname="com.herokuapp.theinternet.forgotpassword.test.ForgotPasswordTest"/>
</testsuite> <!-- com.herokuapp.theinternet.forgotpassword.test.ForgotPasswordTest -->
