<?xml version="1.0" encoding="UTF-8"?>
<!-- Generated by org.testng.reporters.JUnitReportReporter -->
<testsuite skipped="0" hostname="DESKTOP-ECH1G2J" name="com.herokuapp.theinternet.miscellaneous.JavascriptErrorsTest" tests="1" failures="0" timestamp="2019-12-11T16:40:16 EET" time="14.746" errors="0">
  <testcase name="testJavascriptErrors" time="14.746" classname="com.herokuapp.theinternet.miscellaneous.JavascriptErrorsTest"/>
</testsuite> <!-- com.herokuapp.theinternet.miscellaneous.JavascriptErrorsTest -->
